#
# There is insufficient memory for the Java Runtime Environment to continue.
# Native memory allocation (malloc) failed to allocate 138000 bytes for Chunk::new
# Possible reasons:
#   The system is out of physical RAM or swap space
#   The process is running with CompressedOops enabled, and the Java Heap may be blocking the growth of the native heap
# Possible solutions:
#   Reduce memory load on the system
#   Increase physical memory or swap space
#   Check if swap backing store is full
#   Decrease Java heap size (-Xmx/-Xms)
#   Decrease number of Java threads
#   Decrease Java thread stack sizes (-Xss)
#   Set larger code cache with -XX:ReservedCodeCacheSize=
#   JVM is running with Zero Based Compressed Oops mode in which the Java heap is
#     placed in the first 32GB address space. The Java Heap base address is the
#     maximum limit for the native heap growth. Please use -XX:HeapBaseMinAddress
#     to set the Java Heap base and to place the Java Heap above 32GB virtual address.
# This output file may be truncated or incomplete.
#
#  Out of Memory Error (arena.cpp:189), pid=16532, tid=18660
#
# JRE version: Java(TM) SE Runtime Environment (17.0.8+9) (build 17.0.8+9-LTS-211)
# Java VM: Java HotSpot(TM) 64-Bit Server VM (17.0.8+9-LTS-211, mixed mode, sharing, tiered, compressed oops, compressed class ptrs, g1 gc, windows-amd64)
# No core dump will be written. Minidumps are not enabled by default on client versions of Windows
#

---------------  S U M M A R Y ------------

Command Line: -javaagent:C:\Program Files\JetBrains\IntelliJ IDEA 2023.3.2\lib\idea_rt.jar=50512:C:\Program Files\JetBrains\IntelliJ IDEA 2023.3.2\bin -Dfile.encoding=UTF-8 com.example.demo.ConfigServerApplication

Host: Intel(R) Core(TM) i7-8550U CPU @ 1.80GHz, 8 cores, 15G,  Windows 11 , 64 bit Build 22621 (10.0.22621.3672)
Time: Mon Jul  1 14:37:01 2024 Jerusalem Daylight Time elapsed time: 50.317681 seconds (0d 0h 0m 50s)

---------------  T H R E A D  ---------------

Current thread (0x000001a91abe0d90):  JavaThread "C2 CompilerThread0" daemon [_thread_in_native, id=18660, stack(0x0000000e70900000,0x0000000e70a00000)]


Current CompileTask:
C2:  50317 6041       4       sun.reflect.annotation.AnnotationInvocationHandler::invoke (178 bytes)

Stack: [0x0000000e70900000,0x0000000e70a00000]
Native frames: (J=compiled Java code, j=interpreted, Vv=VM code, C=native code)
V  [jvm.dll+0x677d0a]
V  [jvm.dll+0x7d8c54]
V  [jvm.dll+0x7da3fe]
V  [jvm.dll+0x7daa63]
V  [jvm.dll+0x245c5f]
V  [jvm.dll+0xaaa6b]
V  [jvm.dll+0xab00c]
V  [jvm.dll+0x361e8e]
V  [jvm.dll+0x1bb6f5]
V  [jvm.dll+0x218157]
V  [jvm.dll+0x217431]
V  [jvm.dll+0x1a3af0]
V  [jvm.dll+0x2270be]
V  [jvm.dll+0x22535b]
V  [jvm.dll+0x78e7bc]
V  [jvm.dll+0x788bba]
V  [jvm.dll+0x676b35]
C  [ucrtbase.dll+0x29333]
C  [KERNEL32.DLL+0x1257d]
C  [ntdll.dll+0x5af28]


---------------  P R O C E S S  ---------------

Threads class SMR info:
_java_thread_list=0x000001a964efeb90, length=36, elements={
0x000001a91aac2b40, 0x000001a91aac4060, 0x000001a91abd6b60, 0x000001a91abd9430,
0x000001a91abda490, 0x000001a91abdb4f0, 0x000001a91abe0d90, 0x000001a91ac056b0,
0x000001a91ac10fa0, 0x000001a91aaac850, 0x000001a960405d20, 0x000001a9604061f0,
0x000001a962b95b10, 0x000001a962b94ca0, 0x000001a962b95170, 0x000001a962b95640,
0x000001a962b964b0, 0x000001a96372c220, 0x000001a96372b3b0, 0x000001a96372ed70,
0x000001a9637318c0, 0x000001a96372da30, 0x000001a963730f20, 0x000001a9637313f0,
0x000001a963730580, 0x000001a963731d90, 0x000001a96372e3d0, 0x000001a96372d090,
0x000001a963730a50, 0x000001a96372df00, 0x000001a96372f710, 0x000001a963732260,
0x000001a963732730, 0x000001a963732c00, 0x000001a96372f240, 0x000001a96372b880
}

Java Threads: ( => current thread )
  0x000001a91aac2b40 JavaThread "Reference Handler" daemon [_thread_blocked, id=12056, stack(0x0000000e70300000,0x0000000e70400000)]
  0x000001a91aac4060 JavaThread "Finalizer" daemon [_thread_blocked, id=25180, stack(0x0000000e70400000,0x0000000e70500000)]
  0x000001a91abd6b60 JavaThread "Signal Dispatcher" daemon [_thread_blocked, id=14304, stack(0x0000000e70500000,0x0000000e70600000)]
  0x000001a91abd9430 JavaThread "Attach Listener" daemon [_thread_blocked, id=9244, stack(0x0000000e70600000,0x0000000e70700000)]
  0x000001a91abda490 JavaThread "Service Thread" daemon [_thread_blocked, id=21596, stack(0x0000000e70700000,0x0000000e70800000)]
  0x000001a91abdb4f0 JavaThread "Monitor Deflation Thread" daemon [_thread_blocked, id=872, stack(0x0000000e70800000,0x0000000e70900000)]
=>0x000001a91abe0d90 JavaThread "C2 CompilerThread0" daemon [_thread_in_native, id=18660, stack(0x0000000e70900000,0x0000000e70a00000)]
  0x000001a91ac056b0 JavaThread "C1 CompilerThread0" daemon [_thread_blocked, id=16604, stack(0x0000000e70a00000,0x0000000e70b00000)]
  0x000001a91ac10fa0 JavaThread "Sweeper thread" daemon [_thread_blocked, id=11780, stack(0x0000000e70b00000,0x0000000e70c00000)]
  0x000001a91aaac850 JavaThread "Common-Cleaner" daemon [_thread_blocked, id=20668, stack(0x0000000e70c00000,0x0000000e70d00000)]
  0x000001a960405d20 JavaThread "Monitor Ctrl-Break" daemon [_thread_in_native, id=28364, stack(0x0000000e70d00000,0x0000000e70e00000)]
  0x000001a9604061f0 JavaThread "Notification Thread" daemon [_thread_blocked, id=15152, stack(0x0000000e70e00000,0x0000000e70f00000)]
  0x000001a962b95b10 JavaThread "Catalina-utility-1" [_thread_blocked, id=24264, stack(0x0000000e71900000,0x0000000e71a00000)]
  0x000001a962b94ca0 JavaThread "Catalina-utility-2" [_thread_blocked, id=19296, stack(0x0000000e71a00000,0x0000000e71b00000)]
  0x000001a962b95170 JavaThread "container-0" [_thread_blocked, id=24312, stack(0x0000000e71b00000,0x0000000e71c00000)]
  0x000001a962b95640 JavaThread "spring.cloud.inetutils" daemon [_thread_blocked, id=12044, stack(0x0000000e71c00000,0x0000000e71d00000)]
  0x000001a962b964b0 JavaThread "JGit-WorkQueue" daemon [_thread_blocked, id=19380, stack(0x0000000e71600000,0x0000000e71700000)]
  0x000001a96372c220 JavaThread "AsyncResolver-bootstrap-0" daemon [_thread_blocked, id=22784, stack(0x0000000e72100000,0x0000000e72200000)]
  0x000001a96372b3b0 JavaThread "DiscoveryClient-0" daemon [_thread_blocked, id=25116, stack(0x0000000e72200000,0x0000000e72300000)]
  0x000001a96372ed70 JavaThread "DiscoveryClient-1" daemon [_thread_blocked, id=24212, stack(0x0000000e72300000,0x0000000e72400000)]
  0x000001a9637318c0 JavaThread "DiscoveryClient-InstanceInfoReplicator-0" daemon [_thread_blocked, id=27420, stack(0x0000000e72400000,0x0000000e72500000)]
  0x000001a96372da30 JavaThread "http-nio-8888-exec-1" daemon [_thread_blocked, id=21404, stack(0x0000000e72500000,0x0000000e72600000)]
  0x000001a963730f20 JavaThread "http-nio-8888-exec-2" daemon [_thread_blocked, id=3296, stack(0x0000000e72600000,0x0000000e72700000)]
  0x000001a9637313f0 JavaThread "http-nio-8888-exec-3" daemon [_thread_blocked, id=20488, stack(0x0000000e72700000,0x0000000e72800000)]
  0x000001a963730580 JavaThread "http-nio-8888-exec-4" daemon [_thread_blocked, id=25084, stack(0x0000000e72800000,0x0000000e72900000)]
  0x000001a963731d90 JavaThread "http-nio-8888-exec-5" daemon [_thread_blocked, id=21808, stack(0x0000000e72900000,0x0000000e72a00000)]
  0x000001a96372e3d0 JavaThread "http-nio-8888-exec-6" daemon [_thread_blocked, id=20940, stack(0x0000000e72a00000,0x0000000e72b00000)]
  0x000001a96372d090 JavaThread "http-nio-8888-exec-7" daemon [_thread_blocked, id=21708, stack(0x0000000e72b00000,0x0000000e72c00000)]
  0x000001a963730a50 JavaThread "http-nio-8888-exec-8" daemon [_thread_blocked, id=27716, stack(0x0000000e72c00000,0x0000000e72d00000)]
  0x000001a96372df00 JavaThread "http-nio-8888-exec-9" daemon [_thread_blocked, id=24808, stack(0x0000000e72d00000,0x0000000e72e00000)]
  0x000001a96372f710 JavaThread "http-nio-8888-exec-10" daemon [_thread_blocked, id=20960, stack(0x0000000e72e00000,0x0000000e72f00000)]
  0x000001a963732260 JavaThread "http-nio-8888-Poller" daemon [_thread_in_native, id=19048, stack(0x0000000e72f00000,0x0000000e73000000)]
  0x000001a963732730 JavaThread "http-nio-8888-Acceptor" daemon [_thread_in_native, id=25472, stack(0x0000000e73000000,0x0000000e73100000)]
  0x000001a963732c00 JavaThread "DestroyJavaVM" [_thread_blocked, id=27988, stack(0x0000000e6fc00000,0x0000000e6fd00000)]
  0x000001a96372f240 JavaThread "DiscoveryClient-CacheRefreshExecutor-0" daemon [_thread_blocked, id=21680, stack(0x0000000e71d00000,0x0000000e71e00000)]
  0x000001a96372b880 JavaThread "DiscoveryClient-HeartbeatExecutor-0" daemon [_thread_blocked, id=8656, stack(0x0000000e73300000,0x0000000e73400000)]

Other Threads:
  0x000001a91aabd860 VMThread "VM Thread" [stack: 0x0000000e70200000,0x0000000e70300000] [id=10488]
  0x000001a960194560 WatcherThread [stack: 0x0000000e70f00000,0x0000000e71000000] [id=22216]
  0x000001a975e5d010 GCTaskThread "GC Thread#0" [stack: 0x0000000e6fd00000,0x0000000e6fe00000] [id=10840]
  0x000001a960dedd20 GCTaskThread "GC Thread#1" [stack: 0x0000000e71000000,0x0000000e71100000] [id=25044]
  0x000001a960649f40 GCTaskThread "GC Thread#2" [stack: 0x0000000e71100000,0x0000000e71200000] [id=24080]
  0x000001a96064a1f0 GCTaskThread "GC Thread#3" [stack: 0x0000000e71200000,0x0000000e71300000] [id=28480]
  0x000001a9607f9280 GCTaskThread "GC Thread#4" [stack: 0x0000000e71300000,0x0000000e71400000] [id=18720]
  0x000001a9607f99b0 GCTaskThread "GC Thread#5" [stack: 0x0000000e71400000,0x0000000e71500000] [id=8200]
  0x000001a960d8cb30 GCTaskThread "GC Thread#6" [stack: 0x0000000e71500000,0x0000000e71600000] [id=27312]
  0x000001a960d8c5d0 GCTaskThread "GC Thread#7" [stack: 0x0000000e71800000,0x0000000e71900000] [id=18216]
  0x000001a975e6ec30 ConcurrentGCThread "G1 Main Marker" [stack: 0x0000000e6fe00000,0x0000000e6ff00000] [id=14908]
  0x000001a975e6f550 ConcurrentGCThread "G1 Conc#0" [stack: 0x0000000e6ff00000,0x0000000e70000000] [id=12492]
  0x000001a960d8d090 ConcurrentGCThread "G1 Conc#1" [stack: 0x0000000e71700000,0x0000000e71800000] [id=22700]
  0x000001a975e9e760 ConcurrentGCThread "G1 Refine#0" [stack: 0x0000000e70000000,0x0000000e70100000] [id=20536]
  0x000001a96096cc50 ConcurrentGCThread "G1 Refine#1" [stack: 0x0000000e71f00000,0x0000000e72000000] [id=24868]
  0x000001a96096c3b0 ConcurrentGCThread "G1 Refine#2" [stack: 0x0000000e72000000,0x0000000e72100000] [id=3524]
  0x000001a91a978330 ConcurrentGCThread "G1 Service" [stack: 0x0000000e70100000,0x0000000e70200000] [id=22880]

Threads with active compile tasks:
C2 CompilerThread0    50448 6041       4       sun.reflect.annotation.AnnotationInvocationHandler::invoke (178 bytes)

VM state: not at safepoint (normal execution)

VM Mutex/Monitor currently owned by a thread: None

Heap address: 0x0000000702400000, size: 4060 MB, Compressed Oops mode: Zero based, Oop shift amount: 3

CDS archive(s) mapped at: [0x000001a91b000000-0x000001a91bbd0000-0x000001a91bbd0000), size 12386304, SharedBaseAddress: 0x000001a91b000000, ArchiveRelocationMode: 1.
Compressed class space mapped at: 0x000001a91c000000-0x000001a95c000000, reserved size: 1073741824
Narrow klass base: 0x000001a91b000000, Narrow klass shift: 0, Narrow klass range: 0x100000000

GC Precious Log:
 CPUs: 8 total, 8 available
 Memory: 16239M
 Large Page Support: Disabled
 NUMA Support: Disabled
 Compressed Oops: Enabled (Zero based)
 Heap Region Size: 2M
 Heap Min Capacity: 8M
 Heap Initial Capacity: 254M
 Heap Max Capacity: 4060M
 Pre-touch: Disabled
 Parallel Workers: 8
 Concurrent Workers: 2
 Concurrent Refinement Workers: 8
 Periodic GC: Disabled

Heap:
 garbage-first heap   total 90112K, used 42075K [0x0000000702400000, 0x0000000800000000)
  region size 2048K, 8 young (16384K), 2 survivors (4096K)
 Metaspace       used 52384K, committed 52864K, reserved 1114112K
  class space    used 6818K, committed 7040K, reserved 1048576K

Heap Regions: E=young(eden), S=young(survivor), O=old, HS=humongous(starts), HC=humongous(continues), CS=collection set, F=free, OA=open archive, CA=closed archive, TAMS=top-at-mark-start (previous, next)
|   0|0x0000000702400000, 0x0000000702600000, 0x0000000702600000|100%| O|  |TAMS 0x0000000702600000, 0x0000000702400000| Untracked 
|   1|0x0000000702600000, 0x0000000702800000, 0x0000000702800000|100%| O|  |TAMS 0x0000000702800000, 0x0000000702600000| Untracked 
|   2|0x0000000702800000, 0x0000000702a00000, 0x0000000702a00000|100%| O|  |TAMS 0x0000000702a00000, 0x0000000702800000| Untracked 
|   3|0x0000000702a00000, 0x0000000702a3d400, 0x0000000702c00000| 11%| O|  |TAMS 0x0000000702a3d400, 0x0000000702a00000| Untracked 
|   4|0x0000000702c00000, 0x0000000702e00000, 0x0000000702e00000|100%| O|  |TAMS 0x0000000702e00000, 0x0000000702c00000| Untracked 
|   5|0x0000000702e00000, 0x0000000703000000, 0x0000000703000000|100%| O|  |TAMS 0x0000000703000000, 0x0000000702e00000| Untracked 
|   6|0x0000000703000000, 0x0000000703200000, 0x0000000703200000|100%| O|  |TAMS 0x0000000703200000, 0x0000000703000000| Untracked 
|   7|0x0000000703200000, 0x0000000703400000, 0x0000000703400000|100%| O|  |TAMS 0x0000000703400000, 0x0000000703200000| Untracked 
|   8|0x0000000703400000, 0x0000000703600000, 0x0000000703600000|100%| O|  |TAMS 0x0000000703600000, 0x0000000703400000| Untracked 
|   9|0x0000000703600000, 0x0000000703800000, 0x0000000703800000|100%| O|  |TAMS 0x0000000703600000, 0x0000000703600000| Untracked 
|  10|0x0000000703800000, 0x0000000703a00000, 0x0000000703a00000|100%|HS|  |TAMS 0x0000000703800000, 0x0000000703800000| Complete 
|  11|0x0000000703a00000, 0x0000000703c00000, 0x0000000703c00000|100%| O|  |TAMS 0x0000000703a00000, 0x0000000703a00000| Untracked 
|  12|0x0000000703c00000, 0x0000000703e00000, 0x0000000703e00000|100%| O|  |TAMS 0x0000000703c00000, 0x0000000703c00000| Untracked 
|  13|0x0000000703e00000, 0x0000000704000000, 0x0000000704000000|100%| O|  |TAMS 0x0000000703e00000, 0x0000000703e00000| Untracked 
|  14|0x0000000704000000, 0x0000000704000000, 0x0000000704200000|  0%| F|  |TAMS 0x0000000704000000, 0x0000000704000000| Untracked 
|  15|0x0000000704200000, 0x0000000704200000, 0x0000000704400000|  0%| F|  |TAMS 0x0000000704200000, 0x0000000704200000| Untracked 
|  16|0x0000000704400000, 0x0000000704400000, 0x0000000704600000|  0%| F|  |TAMS 0x0000000704400000, 0x0000000704400000| Untracked 
|  17|0x0000000704600000, 0x0000000704600000, 0x0000000704800000|  0%| F|  |TAMS 0x0000000704600000, 0x0000000704600000| Untracked 
|  18|0x0000000704800000, 0x00000007048f5a00, 0x0000000704a00000| 47%| O|  |TAMS 0x0000000704800000, 0x0000000704800000| Untracked 
|  19|0x0000000704a00000, 0x0000000704a00000, 0x0000000704c00000|  0%| F|  |TAMS 0x0000000704a00000, 0x0000000704a00000| Untracked 
|  20|0x0000000704c00000, 0x0000000704c00000, 0x0000000704e00000|  0%| F|  |TAMS 0x0000000704c00000, 0x0000000704c00000| Untracked 
|  21|0x0000000704e00000, 0x0000000704e00000, 0x0000000705000000|  0%| F|  |TAMS 0x0000000704e00000, 0x0000000704e00000| Untracked 
|  22|0x0000000705000000, 0x0000000705000000, 0x0000000705200000|  0%| F|  |TAMS 0x0000000705000000, 0x0000000705000000| Untracked 
|  23|0x0000000705200000, 0x0000000705200000, 0x0000000705400000|  0%| F|  |TAMS 0x0000000705200000, 0x0000000705200000| Untracked 
|  24|0x0000000705400000, 0x00000007055e4140, 0x0000000705600000| 94%| S|CS|TAMS 0x0000000705400000, 0x0000000705400000| Complete 
|  25|0x0000000705600000, 0x0000000705800000, 0x0000000705800000|100%| S|CS|TAMS 0x0000000705600000, 0x0000000705600000| Complete 
|  26|0x0000000705800000, 0x0000000705800000, 0x0000000705a00000|  0%| F|  |TAMS 0x0000000705800000, 0x0000000705800000| Untracked 
|  27|0x0000000705a00000, 0x0000000705a00000, 0x0000000705c00000|  0%| F|  |TAMS 0x0000000705a00000, 0x0000000705a00000| Untracked 
|  28|0x0000000705c00000, 0x0000000705c00000, 0x0000000705e00000|  0%| F|  |TAMS 0x0000000705c00000, 0x0000000705c00000| Untracked 
|  29|0x0000000705e00000, 0x0000000705e00000, 0x0000000706000000|  0%| F|  |TAMS 0x0000000705e00000, 0x0000000705e00000| Untracked 
|  30|0x0000000706000000, 0x0000000706000000, 0x0000000706200000|  0%| F|  |TAMS 0x0000000706000000, 0x0000000706000000| Untracked 
|  31|0x0000000706200000, 0x0000000706200000, 0x0000000706400000|  0%| F|  |TAMS 0x0000000706200000, 0x0000000706200000| Untracked 
|  32|0x0000000706400000, 0x0000000706400000, 0x0000000706600000|  0%| F|  |TAMS 0x0000000706400000, 0x0000000706400000| Untracked 
|  33|0x0000000706600000, 0x0000000706600000, 0x0000000706800000|  0%| F|  |TAMS 0x0000000706600000, 0x0000000706600000| Untracked 
|  34|0x0000000706800000, 0x0000000706800000, 0x0000000706a00000|  0%| F|  |TAMS 0x0000000706800000, 0x0000000706800000| Untracked 
|  35|0x0000000706a00000, 0x0000000706a00000, 0x0000000706c00000|  0%| F|  |TAMS 0x0000000706a00000, 0x0000000706a00000| Untracked 
|  36|0x0000000706c00000, 0x0000000706c00000, 0x0000000706e00000|  0%| F|  |TAMS 0x0000000706c00000, 0x0000000706c00000| Untracked 
|  37|0x0000000706e00000, 0x0000000706e00000, 0x0000000707000000|  0%| F|  |TAMS 0x0000000706e00000, 0x0000000706e00000| Untracked 
|  38|0x0000000707000000, 0x00000007070420c8, 0x0000000707200000| 12%| E|  |TAMS 0x0000000707000000, 0x0000000707000000| Complete 
|  39|0x0000000707200000, 0x0000000707400000, 0x0000000707400000|100%| E|CS|TAMS 0x0000000707200000, 0x0000000707200000| Complete 
|  70|0x000000070b000000, 0x000000070b200000, 0x000000070b200000|100%| E|CS|TAMS 0x000000070b000000, 0x000000070b000000| Complete 
|  71|0x000000070b200000, 0x000000070b400000, 0x000000070b400000|100%| E|CS|TAMS 0x000000070b200000, 0x000000070b200000| Complete 
|  72|0x000000070b400000, 0x000000070b600000, 0x000000070b600000|100%| E|CS|TAMS 0x000000070b400000, 0x000000070b400000| Complete 
| 126|0x0000000712000000, 0x0000000712200000, 0x0000000712200000|100%| E|CS|TAMS 0x0000000712000000, 0x0000000712000000| Complete 

Card table byte_map: [0x000001a90f7f0000,0x000001a90ffe0000] _byte_map_base: 0x000001a90bfde000

Marking Bits (Prev, Next): (CMBitMap*) 0x000001a975e5e540, (CMBitMap*) 0x000001a975e5e580
 Prev Bits: [0x000001a9107d0000, 0x000001a914740000)
 Next Bits: [0x000001a914740000, 0x000001a9186b0000)

Polling page: 0x000001a975ea0000

Metaspace:

Usage:
  Non-class:     44.50 MB used.
      Class:      6.66 MB used.
       Both:     51.16 MB used.

Virtual space:
  Non-class space:       64.00 MB reserved,      44.75 MB ( 70%) committed,  1 nodes.
      Class space:        1.00 GB reserved,       6.88 MB ( <1%) committed,  1 nodes.
             Both:        1.06 GB reserved,      51.62 MB (  5%) committed. 

Chunk freelists:
   Non-Class:  2.52 MB
       Class:  8.95 MB
        Both:  11.47 MB

MaxMetaspaceSize: unlimited
CompressedClassSpaceSize: 1.00 GB
Initial GC threshold: 21.00 MB
Current GC threshold: 58.88 MB
CDS: on
MetaspaceReclaimPolicy: balanced
 - commit_granule_bytes: 65536.
 - commit_granule_words: 8192.
 - virtual_space_node_default_size: 8388608.
 - enlarge_chunks_in_place: 1.
 - new_chunks_are_fully_committed: 0.
 - uncommit_free_chunks: 1.
 - use_allocation_guard: 0.
 - handle_deallocations: 1.


Internal statistics:

num_allocs_failed_limit: 6.
num_arena_births: 598.
num_arena_deaths: 0.
num_vsnodes_births: 2.
num_vsnodes_deaths: 0.
num_space_committed: 826.
num_space_uncommitted: 0.
num_chunks_returned_to_freelist: 6.
num_chunks_taken_from_freelist: 2309.
num_chunk_merges: 3.
num_chunk_splits: 1636.
num_chunks_enlarged: 1264.
num_purges: 0.
num_inconsistent_stats: 0.

CodeHeap 'non-profiled nmethods': size=120000Kb used=3116Kb max_used=3116Kb free=116883Kb
 bounds [0x000001a907ad0000, 0x000001a907de0000, 0x000001a90f000000]
CodeHeap 'profiled nmethods': size=120000Kb used=10504Kb max_used=10504Kb free=109496Kb
 bounds [0x000001a900000000, 0x000001a900a50000, 0x000001a907530000]
CodeHeap 'non-nmethods': size=5760Kb used=1309Kb max_used=1372Kb free=4450Kb
 bounds [0x000001a907530000, 0x000001a9077a0000, 0x000001a907ad0000]
 total_blobs=5857 nmethods=5229 adapters=540
 compilation: enabled
              stopped_count=0, restarted_count=0
 full_count=0

Compilation events (20 events):
Event: 50.268 Thread 0x000001a91ac056b0 6064       1       com.fasterxml.jackson.databind.deser.SettableBeanProperty::getObjectIdInfo (5 bytes)
Event: 50.268 Thread 0x000001a91ac056b0 nmethod 6064 0x000001a907dda110 code [0x000001a907dda2a0, 0x000001a907dda378]
Event: 50.268 Thread 0x000001a91ac056b0 6071       3       com.fasterxml.jackson.databind.deser.SettableBeanProperty::getValueDeserializer (16 bytes)
Event: 50.268 Thread 0x000001a91ac056b0 nmethod 6071 0x000001a900a41a10 code [0x000001a900a41ba0, 0x000001a900a41d38]
Event: 50.268 Thread 0x000001a91ac056b0 6065       1       com.fasterxml.jackson.databind.PropertyMetadata::getValueNulls (5 bytes)
Event: 50.269 Thread 0x000001a91ac056b0 nmethod 6065 0x000001a907dda410 code [0x000001a907dda5a0, 0x000001a907dda678]
Event: 50.269 Thread 0x000001a91ac056b0 6069       1       com.fasterxml.jackson.databind.JsonDeserializer::getObjectIdReader (2 bytes)
Event: 50.270 Thread 0x000001a91ac056b0 nmethod 6069 0x000001a907dda710 code [0x000001a907dda8a0, 0x000001a907dda978]
Event: 50.270 Thread 0x000001a91ac056b0 6048       1       com.fasterxml.jackson.databind.BeanDescription::getType (5 bytes)
Event: 50.270 Thread 0x000001a91ac056b0 nmethod 6048 0x000001a907ddaa10 code [0x000001a907ddaba0, 0x000001a907ddac78]
Event: 50.270 Thread 0x000001a91ac056b0 6068       1       com.fasterxml.jackson.databind.cfg.ConfigOverride::getMergeable (5 bytes)
Event: 50.270 Thread 0x000001a91ac056b0 nmethod 6068 0x000001a907ddad10 code [0x000001a907ddaea0, 0x000001a907ddaf78]
Event: 50.270 Thread 0x000001a91ac056b0 6039       1       sun.reflect.generics.tree.MethodTypeSignature::getParameterTypes (5 bytes)
Event: 50.271 Thread 0x000001a91ac056b0 nmethod 6039 0x000001a907ddb010 code [0x000001a907ddb1a0, 0x000001a907ddb278]
Event: 50.271 Thread 0x000001a91ac056b0 6072       3       org.apache.hc.core5.util.CharArrayBuffer::append (37 bytes)
Event: 50.272 Thread 0x000001a91ac056b0 nmethod 6072 0x000001a900a41e10 code [0x000001a900a41fc0, 0x000001a900a421a8]
Event: 50.275 Thread 0x000001a91ac056b0 6073       3       org.apache.hc.core5.util.CharArrayBuffer::charAt (7 bytes)
Event: 50.275 Thread 0x000001a91ac056b0 nmethod 6073 0x000001a900a42310 code [0x000001a900a424a0, 0x000001a900a425d8]
Event: 50.275 Thread 0x000001a91ac056b0 6074       3       org.apache.hc.core5.util.Tokenizer::isWhitespace (30 bytes)
Event: 50.276 Thread 0x000001a91ac056b0 nmethod 6074 0x000001a900a42690 code [0x000001a900a42820, 0x000001a900a42a18]

GC Heap History (20 events):
Event: 3.988 GC heap before
{Heap before GC invocations=1 (full 0):
 garbage-first heap   total 260096K, used 28030K [0x0000000702400000, 0x0000000800000000)
  region size 2048K, 12 young (24576K), 2 survivors (4096K)
 Metaspace       used 9503K, committed 9728K, reserved 1114112K
  class space    used 1189K, committed 1280K, reserved 1048576K
}
Event: 3.998 GC heap after
{Heap after GC invocations=2 (full 0):
 garbage-first heap   total 260096K, used 9279K [0x0000000702400000, 0x0000000800000000)
  region size 2048K, 1 young (2048K), 1 survivors (2048K)
 Metaspace       used 9503K, committed 9728K, reserved 1114112K
  class space    used 1189K, committed 1280K, reserved 1048576K
}
Event: 5.795 GC heap before
{Heap before GC invocations=2 (full 0):
 garbage-first heap   total 260096K, used 68671K [0x0000000702400000, 0x0000000800000000)
  region size 2048K, 30 young (61440K), 1 survivors (2048K)
 Metaspace       used 19575K, committed 19840K, reserved 1114112K
  class space    used 2469K, committed 2624K, reserved 1048576K
}
Event: 5.806 GC heap after
{Heap after GC invocations=3 (full 0):
 garbage-first heap   total 260096K, used 13536K [0x0000000702400000, 0x0000000800000000)
  region size 2048K, 3 young (6144K), 3 survivors (6144K)
 Metaspace       used 19575K, committed 19840K, reserved 1114112K
  class space    used 2469K, committed 2624K, reserved 1048576K
}
Event: 6.076 GC heap before
{Heap before GC invocations=3 (full 0):
 garbage-first heap   total 260096K, used 19680K [0x0000000702400000, 0x0000000800000000)
  region size 2048K, 7 young (14336K), 3 survivors (6144K)
 Metaspace       used 21323K, committed 21504K, reserved 1114112K
  class space    used 2647K, committed 2752K, reserved 1048576K
}
Event: 6.085 GC heap after
{Heap after GC invocations=4 (full 0):
 garbage-first heap   total 260096K, used 15028K [0x0000000702400000, 0x0000000800000000)
  region size 2048K, 4 young (8192K), 4 survivors (8192K)
 Metaspace       used 21323K, committed 21504K, reserved 1114112K
  class space    used 2647K, committed 2752K, reserved 1048576K
}
Event: 7.625 GC heap before
{Heap before GC invocations=5 (full 0):
 garbage-first heap   total 61440K, used 41652K [0x0000000702400000, 0x0000000800000000)
  region size 2048K, 18 young (36864K), 4 survivors (8192K)
 Metaspace       used 25444K, committed 25856K, reserved 1114112K
  class space    used 3232K, committed 3456K, reserved 1048576K
}
Event: 7.643 GC heap after
{Heap after GC invocations=6 (full 0):
 garbage-first heap   total 61440K, used 16807K [0x0000000702400000, 0x0000000800000000)
  region size 2048K, 2 young (4096K), 2 survivors (4096K)
 Metaspace       used 25444K, committed 25856K, reserved 1114112K
  class space    used 3232K, committed 3456K, reserved 1048576K
}
Event: 7.841 GC heap before
{Heap before GC invocations=6 (full 0):
 garbage-first heap   total 61440K, used 16807K [0x0000000702400000, 0x0000000800000000)
  region size 2048K, 3 young (6144K), 2 survivors (4096K)
 Metaspace       used 25924K, committed 26304K, reserved 1114112K
  class space    used 3287K, committed 3456K, reserved 1048576K
}
Event: 7.855 GC heap after
{Heap after GC invocations=7 (full 0):
 garbage-first heap   total 61440K, used 17213K [0x0000000702400000, 0x0000000800000000)
  region size 2048K, 1 young (2048K), 1 survivors (2048K)
 Metaspace       used 25924K, committed 26304K, reserved 1114112K
  class space    used 3287K, committed 3456K, reserved 1048576K
}
Event: 9.186 GC heap before
{Heap before GC invocations=7 (full 0):
 garbage-first heap   total 61440K, used 37693K [0x0000000702400000, 0x0000000800000000)
  region size 2048K, 12 young (24576K), 1 survivors (2048K)
 Metaspace       used 30131K, committed 30528K, reserved 1114112K
  class space    used 3831K, committed 4032K, reserved 1048576K
}
Event: 9.200 GC heap after
{Heap after GC invocations=8 (full 0):
 garbage-first heap   total 61440K, used 18676K [0x0000000702400000, 0x0000000800000000)
  region size 2048K, 2 young (4096K), 2 survivors (4096K)
 Metaspace       used 30131K, committed 30528K, reserved 1114112K
  class space    used 3831K, committed 4032K, reserved 1048576K
}
Event: 10.508 GC heap before
{Heap before GC invocations=8 (full 0):
 garbage-first heap   total 61440K, used 41204K [0x0000000702400000, 0x0000000800000000)
  region size 2048K, 13 young (26624K), 2 survivors (4096K)
 Metaspace       used 33496K, committed 33920K, reserved 1114112K
  class space    used 4371K, committed 4608K, reserved 1048576K
}
Event: 10.517 GC heap after
{Heap after GC invocations=9 (full 0):
 garbage-first heap   total 161792K, used 20725K [0x0000000702400000, 0x0000000800000000)
  region size 2048K, 2 young (4096K), 2 survivors (4096K)
 Metaspace       used 33496K, committed 33920K, reserved 1114112K
  class space    used 4371K, committed 4608K, reserved 1048576K
}
Event: 11.184 GC heap before
{Heap before GC invocations=9 (full 0):
 garbage-first heap   total 161792K, used 30965K [0x0000000702400000, 0x0000000800000000)
  region size 2048K, 8 young (16384K), 2 survivors (4096K)
 Metaspace       used 35696K, committed 36096K, reserved 1114112K
  class space    used 4664K, committed 4864K, reserved 1048576K
}
Event: 11.193 GC heap after
{Heap after GC invocations=10 (full 0):
 garbage-first heap   total 161792K, used 21736K [0x0000000702400000, 0x0000000800000000)
  region size 2048K, 3 young (6144K), 3 survivors (6144K)
 Metaspace       used 35696K, committed 36096K, reserved 1114112K
  class space    used 4664K, committed 4864K, reserved 1048576K
}
Event: 17.533 GC heap before
{Heap before GC invocations=11 (full 0):
 garbage-first heap   total 90112K, used 68840K [0x0000000702400000, 0x0000000800000000)
  region size 2048K, 26 young (53248K), 3 survivors (6144K)
 Metaspace       used 44797K, committed 45248K, reserved 1114112K
  class space    used 5799K, committed 6016K, reserved 1048576K
}
Event: 17.562 GC heap after
{Heap after GC invocations=12 (full 0):
 garbage-first heap   total 90112K, used 26497K [0x0000000702400000, 0x0000000800000000)
  region size 2048K, 4 young (8192K), 4 survivors (8192K)
 Metaspace       used 44797K, committed 45248K, reserved 1114112K
  class space    used 5799K, committed 6016K, reserved 1048576K
}
Event: 20.011 GC heap before
{Heap before GC invocations=12 (full 0):
 garbage-first heap   total 90112K, used 65409K [0x0000000702400000, 0x0000000800000000)
  region size 2048K, 22 young (45056K), 4 survivors (8192K)
 Metaspace       used 50640K, committed 51072K, reserved 1114112K
  class space    used 6599K, committed 6784K, reserved 1048576K
}
Event: 20.026 GC heap after
{Heap after GC invocations=13 (full 0):
 garbage-first heap   total 90112K, used 31835K [0x0000000702400000, 0x0000000800000000)
  region size 2048K, 2 young (4096K), 2 survivors (4096K)
 Metaspace       used 50640K, committed 51072K, reserved 1114112K
  class space    used 6599K, committed 6784K, reserved 1048576K
}

Deoptimization events (20 events):
Event: 20.188 Thread 0x000001a975defdd0 DEOPT PACKING pc=0x000001a907b9f11c sp=0x0000000e6fcfa840
Event: 20.188 Thread 0x000001a975defdd0 DEOPT UNPACKING pc=0x000001a9075823a3 sp=0x0000000e6fcfa890 mode 2
Event: 20.316 Thread 0x000001a975defdd0 Uncommon trap: trap_request=0xffffff45 fr.pc=0x000001a907d61954 relative=0x00000000000013f4
Event: 20.316 Thread 0x000001a975defdd0 Uncommon trap: reason=unstable_if action=reinterpret pc=0x000001a907d61954 method=java.lang.String.<init>([BIILjava/nio/charset/Charset;)V @ 18 c2
Event: 20.316 Thread 0x000001a975defdd0 DEOPT PACKING pc=0x000001a907d61954 sp=0x0000000e6fcfdf30
Event: 20.316 Thread 0x000001a975defdd0 DEOPT UNPACKING pc=0x000001a9075823a3 sp=0x0000000e6fcfdec8 mode 2
Event: 20.328 Thread 0x000001a975defdd0 DEOPT PACKING pc=0x000001a90024ac23 sp=0x0000000e6fcfd0e0
Event: 20.328 Thread 0x000001a975defdd0 DEOPT UNPACKING pc=0x000001a907582b43 sp=0x0000000e6fcfc550 mode 0
Event: 21.701 Thread 0x000001a975defdd0 Uncommon trap: trap_request=0xffffff45 fr.pc=0x000001a907b63660 relative=0x0000000000000060
Event: 21.701 Thread 0x000001a975defdd0 Uncommon trap: reason=unstable_if action=reinterpret pc=0x000001a907b63660 method=org.springframework.util.ConcurrentReferenceHashMap$Segment.clear()V @ 7 c2
Event: 21.701 Thread 0x000001a975defdd0 DEOPT PACKING pc=0x000001a907b63660 sp=0x0000000e6fcfe950
Event: 21.701 Thread 0x000001a975defdd0 DEOPT UNPACKING pc=0x000001a9075823a3 sp=0x0000000e6fcfe8e0 mode 2
Event: 50.249 Thread 0x000001a96372f240 Uncommon trap: trap_request=0xffffffde fr.pc=0x000001a907b9f11c relative=0x0000000000001dbc
Event: 50.249 Thread 0x000001a96372f240 Uncommon trap: reason=class_check action=maybe_recompile pc=0x000001a907b9f11c method=java.util.zip.InflaterInputStream.read([BII)I @ 100 c2
Event: 50.250 Thread 0x000001a96372f240 DEOPT PACKING pc=0x000001a907b9f11c sp=0x0000000e71dfe740
Event: 50.250 Thread 0x000001a96372f240 DEOPT UNPACKING pc=0x000001a9075823a3 sp=0x0000000e71dfe790 mode 2
Event: 50.251 Thread 0x000001a96372f240 Uncommon trap: trap_request=0xffffffde fr.pc=0x000001a907b9f11c relative=0x0000000000001dbc
Event: 50.251 Thread 0x000001a96372f240 Uncommon trap: reason=class_check action=maybe_recompile pc=0x000001a907b9f11c method=java.util.zip.InflaterInputStream.read([BII)I @ 100 c2
Event: 50.251 Thread 0x000001a96372f240 DEOPT PACKING pc=0x000001a907b9f11c sp=0x0000000e71dfd740
Event: 50.251 Thread 0x000001a96372f240 DEOPT UNPACKING pc=0x000001a9075823a3 sp=0x0000000e71dfd790 mode 2

Classes unloaded (0 events):
No events

Classes redefined (0 events):
No events

Internal exceptions (20 events):
Event: 18.601 Thread 0x000001a975defdd0 Exception <a 'java/io/FileNotFoundException'{0x0000000707231d38}> (0x0000000707231d38) 
thrown [s\open\src\hotspot\share\prims\jni.cpp, line 516]
Event: 18.602 Thread 0x000001a975defdd0 Exception <a 'sun/nio/fs/WindowsException'{0x0000000707236eb0}> (0x0000000707236eb0) 
thrown [s\open\src\hotspot\share\prims\jni.cpp, line 516]
Event: 18.604 Thread 0x000001a975defdd0 Exception <a 'sun/nio/fs/WindowsException'{0x0000000707238d60}> (0x0000000707238d60) 
thrown [s\open\src\hotspot\share\prims\jni.cpp, line 516]
Event: 18.604 Thread 0x000001a975defdd0 Exception <a 'sun/nio/fs/WindowsException'{0x0000000707239808}> (0x0000000707239808) 
thrown [s\open\src\hotspot\share\prims\jni.cpp, line 516]
Event: 18.604 Thread 0x000001a975defdd0 Exception <a 'java/io/FileNotFoundException'{0x0000000707239e68}> (0x0000000707239e68) 
thrown [s\open\src\hotspot\share\prims\jni.cpp, line 516]
Event: 18.605 Thread 0x000001a975defdd0 Exception <a 'sun/nio/fs/WindowsException'{0x000000070723b338}> (0x000000070723b338) 
thrown [s\open\src\hotspot\share\prims\jni.cpp, line 516]
Event: 18.605 Thread 0x000001a975defdd0 Exception <a 'java/io/FileNotFoundException'{0x000000070723b998}> (0x000000070723b998) 
thrown [s\open\src\hotspot\share\prims\jni.cpp, line 516]
Event: 18.605 Thread 0x000001a975defdd0 Exception <a 'sun/nio/fs/WindowsException'{0x000000070723cea0}> (0x000000070723cea0) 
thrown [s\open\src\hotspot\share\prims\jni.cpp, line 516]
Event: 18.606 Thread 0x000001a975defdd0 Exception <a 'java/io/FileNotFoundException'{0x000000070723d500}> (0x000000070723d500) 
thrown [s\open\src\hotspot\share\prims\jni.cpp, line 516]
Event: 18.606 Thread 0x000001a975defdd0 Exception <a 'sun/nio/fs/WindowsException'{0x000000070723ea50}> (0x000000070723ea50) 
thrown [s\open\src\hotspot\share\prims\jni.cpp, line 516]
Event: 18.606 Thread 0x000001a975defdd0 Exception <a 'java/io/FileNotFoundException'{0x000000070723f0b0}> (0x000000070723f0b0) 
thrown [s\open\src\hotspot\share\prims\jni.cpp, line 516]
Event: 18.606 Thread 0x000001a975defdd0 Exception <a 'sun/nio/fs/WindowsException'{0x0000000707240608}> (0x0000000707240608) 
thrown [s\open\src\hotspot\share\prims\jni.cpp, line 516]
Event: 18.607 Thread 0x000001a975defdd0 Exception <a 'java/io/FileNotFoundException'{0x0000000707240c68}> (0x0000000707240c68) 
thrown [s\open\src\hotspot\share\prims\jni.cpp, line 516]
Event: 18.750 Thread 0x000001a975defdd0 Exception <a 'sun/nio/fs/WindowsException'{0x000000070705a090}> (0x000000070705a090) 
thrown [s\open\src\hotspot\share\prims\jni.cpp, line 516]
Event: 18.928 Thread 0x000001a975defdd0 Exception <a 'java/lang/NoSuchMethodError'{0x0000000706beec80}: 'java.lang.Object java.lang.invoke.DirectMethodHandle$Holder.newInvokeSpecial(java.lang.Object, java.lang.Object, int, java.lang.Object, java.lang.Object)'> (0x0000000706beec80) 
thrown [s\open\src\hotspot\share\interpreter\linkResolver.cpp, line 759]
Event: 18.930 Thread 0x000001a975defdd0 Exception <a 'java/lang/NoSuchMethodError'{0x0000000706bfa2e8}: 'java.lang.Object java.lang.invoke.DirectMethodHandle$Holder.invokeSpecial(java.lang.Object, java.lang.Object, int, java.lang.Object, int, java.lang.Object)'> (0x0000000706bfa2e8) 
thrown [s\open\src\hotspot\share\interpreter\linkResolver.cpp, line 759]
Event: 18.931 Thread 0x000001a975defdd0 Exception <a 'java/lang/NoSuchMethodError'{0x0000000706802768}: 'java.lang.Object java.lang.invoke.DirectMethodHandle$Holder.newInvokeSpecial(java.lang.Object, java.lang.Object, int, java.lang.Object, int)'> (0x0000000706802768) 
thrown [s\open\src\hotspot\share\interpreter\linkResolver.cpp, line 759]
Event: 18.931 Thread 0x000001a975defdd0 Exception <a 'java/lang/NoSuchMethodError'{0x0000000706806868}: 'java.lang.Object java.lang.invoke.DirectMethodHandle$Holder.invokeSpecial(java.lang.Object, java.lang.Object, java.lang.Object, int, java.lang.Object, int)'> (0x0000000706806868) 
thrown [s\open\src\hotspot\share\interpreter\linkResolver.cpp, line 759]
Event: 19.130 Thread 0x000001a975defdd0 Exception <a 'java/lang/IncompatibleClassChangeError'{0x0000000706640140}: Found class java.lang.Object, but interface was expected> (0x0000000706640140) 
thrown [s\open\src\hotspot\share\interpreter\linkResolver.cpp, line 826]
Event: 19.218 Thread 0x000001a975defdd0 Implicit null exception at 0x000001a907d30e95 to 0x000001a907d31058

VM Operations (20 events):
Event: 15.841 Executing VM operation: HandshakeAllThreads
Event: 15.842 Executing VM operation: HandshakeAllThreads done
Event: 15.842 Executing VM operation: Cleanup
Event: 15.842 Executing VM operation: Cleanup done
Event: 15.880 Executing VM operation: HandshakeAllThreads
Event: 15.880 Executing VM operation: HandshakeAllThreads done
Event: 16.879 Executing VM operation: Cleanup
Event: 16.879 Executing VM operation: Cleanup done
Event: 17.533 Executing VM operation: G1CollectForAllocation
Event: 17.562 Executing VM operation: G1CollectForAllocation done
Event: 19.305 Executing VM operation: HandshakeAllThreads
Event: 19.305 Executing VM operation: HandshakeAllThreads done
Event: 19.305 Executing VM operation: Cleanup
Event: 19.305 Executing VM operation: Cleanup done
Event: 19.711 Executing VM operation: HandshakeAllThreads
Event: 19.711 Executing VM operation: HandshakeAllThreads done
Event: 20.011 Executing VM operation: G1CollectForAllocation
Event: 20.026 Executing VM operation: G1CollectForAllocation done
Event: 22.026 Executing VM operation: Cleanup
Event: 22.027 Executing VM operation: Cleanup done

Events (20 events):
Event: 20.318 loading class sun/nio/ch/SinkChannelImpl done
Event: 20.321 Thread 0x000001a963732260 Thread added: 0x000001a963732260
Event: 20.322 loading class java/nio/channels/spi/AbstractSelector$1
Event: 20.322 loading class java/nio/channels/spi/AbstractSelector$1 done
Event: 20.325 Thread 0x000001a963732730 Thread added: 0x000001a963732730
Event: 20.325 loading class java/util/AbstractMap$SimpleEntry
Event: 20.325 loading class java/util/AbstractMap$SimpleEntry done
Event: 20.326 loading class java/util/TreeMap$ValueSpliterator
Event: 20.327 loading class java/util/TreeMap$TreeMapSpliterator
Event: 20.327 loading class java/util/TreeMap$TreeMapSpliterator done
Event: 20.327 loading class java/util/TreeMap$ValueSpliterator done
Event: 21.707 loading class jdk/internal/math/FDBigInteger
Event: 21.708 loading class jdk/internal/math/FDBigInteger done
Event: 21.720 Thread 0x000001a975defdd0 Thread exited: 0x000001a975defdd0
Event: 21.720 Thread 0x000001a963732c00 Thread added: 0x000001a963732c00
Event: 45.288 Thread 0x000001a962b95fe0 Thread exited: 0x000001a962b95fe0
Event: 50.222 Thread 0x000001a96372f240 Thread added: 0x000001a96372f240
Event: 50.226 Thread 0x000001a96372b880 Thread added: 0x000001a96372b880
Event: 50.230 loading class java/util/regex/Pattern$1
Event: 50.231 loading class java/util/regex/Pattern$1 done


Dynamic libraries:
0x00007ff6c74d0000 - 0x00007ff6c74e0000 	C:\Program Files\Java\jdk-17\bin\java.exe
0x00007ffcb5d50000 - 0x00007ffcb5f67000 	C:\WINDOWS\SYSTEM32\ntdll.dll
0x00007ffc84130000 - 0x00007ffc84149000 	C:\Program Files\Avast Software\Avast\aswhook.dll
0x00007ffcb4870000 - 0x00007ffcb4934000 	C:\WINDOWS\System32\KERNEL32.DLL
0x00007ffcb31a0000 - 0x00007ffcb354c000 	C:\WINDOWS\System32\KERNELBASE.dll
0x00007ffcb3640000 - 0x00007ffcb3751000 	C:\WINDOWS\System32\ucrtbase.dll
0x00007ffca7430000 - 0x00007ffca7449000 	C:\Program Files\Java\jdk-17\bin\jli.dll
0x00007ffcb3c60000 - 0x00007ffcb3d12000 	C:\WINDOWS\System32\ADVAPI32.dll
0x00007ffca7450000 - 0x00007ffca746b000 	C:\Program Files\Java\jdk-17\bin\VCRUNTIME140.dll
0x00007ffcb4ef0000 - 0x00007ffcb4f97000 	C:\WINDOWS\System32\msvcrt.dll
0x00007ffcb5250000 - 0x00007ffcb52fa000 	C:\WINDOWS\System32\sechost.dll
0x00007ffcb3610000 - 0x00007ffcb3638000 	C:\WINDOWS\System32\bcrypt.dll
0x00007ffcb4940000 - 0x00007ffcb4a55000 	C:\WINDOWS\System32\RPCRT4.dll
0x00007ffcb3da0000 - 0x00007ffcb3f4e000 	C:\WINDOWS\System32\USER32.dll
0x00007ffcb39f0000 - 0x00007ffcb3a16000 	C:\WINDOWS\System32\win32u.dll
0x00007ffc9d690000 - 0x00007ffc9d923000 	C:\WINDOWS\WinSxS\amd64_microsoft.windows.common-controls_6595b64144ccf1df_6.0.22621.3672_none_2713b9d173822955\COMCTL32.dll
0x00007ffcb5180000 - 0x00007ffcb51a9000 	C:\WINDOWS\System32\GDI32.dll
0x00007ffcb3080000 - 0x00007ffcb3199000 	C:\WINDOWS\System32\gdi32full.dll
0x00007ffcb37e0000 - 0x00007ffcb387a000 	C:\WINDOWS\System32\msvcp_win.dll
0x00007ffca5d00000 - 0x00007ffca5d0a000 	C:\WINDOWS\SYSTEM32\VERSION.dll
0x00007ffcb5210000 - 0x00007ffcb5241000 	C:\WINDOWS\System32\IMM32.DLL
0x00007ffca4930000 - 0x00007ffca493c000 	C:\Program Files\Java\jdk-17\bin\vcruntime140_1.dll
0x00007ffc75670000 - 0x00007ffc756fe000 	C:\Program Files\Java\jdk-17\bin\msvcp140.dll
0x00007ffc65980000 - 0x00007ffc6655e000 	C:\Program Files\Java\jdk-17\bin\server\jvm.dll
0x00007ffcb4a60000 - 0x00007ffcb4a68000 	C:\WINDOWS\System32\PSAPI.DLL
0x00007ffc9a800000 - 0x00007ffc9a809000 	C:\WINDOWS\SYSTEM32\WSOCK32.dll
0x00007ffcb5100000 - 0x00007ffcb5171000 	C:\WINDOWS\System32\WS2_32.dll
0x00007ffcabdf0000 - 0x00007ffcabe24000 	C:\WINDOWS\SYSTEM32\WINMM.dll
0x00007ffcb2140000 - 0x00007ffcb2158000 	C:\WINDOWS\SYSTEM32\kernel.appcore.dll
0x00007ffca4920000 - 0x00007ffca492a000 	C:\Program Files\Java\jdk-17\bin\jimage.dll
0x00007ffcafbf0000 - 0x00007ffcafe22000 	C:\WINDOWS\SYSTEM32\DBGHELP.DLL
0x00007ffcb3f80000 - 0x00007ffcb4308000 	C:\WINDOWS\System32\combase.dll
0x00007ffcb3a90000 - 0x00007ffcb3b67000 	C:\WINDOWS\System32\OLEAUT32.dll
0x00007ffca5d10000 - 0x00007ffca5d42000 	C:\WINDOWS\SYSTEM32\dbgcore.DLL
0x00007ffcb3760000 - 0x00007ffcb37db000 	C:\WINDOWS\System32\bcryptPrimitives.dll
0x00007ffca9900000 - 0x00007ffca990e000 	C:\Program Files\Java\jdk-17\bin\instrument.dll
0x00007ffc9c8d0000 - 0x00007ffc9c8f5000 	C:\Program Files\Java\jdk-17\bin\java.dll
0x00007ffc752a0000 - 0x00007ffc75377000 	C:\Program Files\Java\jdk-17\bin\jsvml.dll
0x00007ffcb53b0000 - 0x00007ffcb5c0c000 	C:\WINDOWS\System32\SHELL32.dll
0x00007ffcb0fe0000 - 0x00007ffcb18d7000 	C:\WINDOWS\SYSTEM32\windows.storage.dll
0x00007ffcb0ea0000 - 0x00007ffcb0fdf000 	C:\WINDOWS\SYSTEM32\wintypes.dll
0x00007ffcb46f0000 - 0x00007ffcb47e4000 	C:\WINDOWS\System32\SHCORE.dll
0x00007ffcb51b0000 - 0x00007ffcb520e000 	C:\WINDOWS\System32\shlwapi.dll
0x00007ffcb2fb0000 - 0x00007ffcb2fd1000 	C:\WINDOWS\SYSTEM32\profapi.dll
0x00007ffc9d9d0000 - 0x00007ffc9d9e8000 	C:\Program Files\Java\jdk-17\bin\zip.dll
0x00007ffc9bac0000 - 0x00007ffc9bad9000 	C:\Program Files\Java\jdk-17\bin\net.dll
0x00007ffcb0640000 - 0x00007ffcb0776000 	C:\WINDOWS\SYSTEM32\WINHTTP.dll
0x00007ffcb2610000 - 0x00007ffcb2679000 	C:\WINDOWS\system32\mswsock.dll
0x00007ffc9d9f0000 - 0x00007ffc9da06000 	C:\Program Files\Java\jdk-17\bin\nio.dll
0x00007ffc99f50000 - 0x00007ffc99f6a000 	C:\Program Files\JetBrains\IntelliJ IDEA 2023.3.2\bin\breakgen64.dll
0x00007ffcb1bb0000 - 0x00007ffcb1bdd000 	C:\WINDOWS\SYSTEM32\IPHLPAPI.DLL
0x00007ffcb3f50000 - 0x00007ffcb3f59000 	C:\WINDOWS\System32\NSI.dll
0x00007ffcad490000 - 0x00007ffcad4a9000 	C:\WINDOWS\SYSTEM32\dhcpcsvc6.DLL
0x00007ffcad260000 - 0x00007ffcad27f000 	C:\WINDOWS\SYSTEM32\dhcpcsvc.DLL
0x00007ffcb1c20000 - 0x00007ffcb1d18000 	C:\WINDOWS\SYSTEM32\DNSAPI.dll
0x00007ffca89a0000 - 0x00007ffca89aa000 	C:\Windows\System32\rasadhlp.dll
0x00007ffcaa8b0000 - 0x00007ffcaa933000 	C:\WINDOWS\System32\fwpuclnt.dll
0x00007ffcb2870000 - 0x00007ffcb288b000 	C:\WINDOWS\SYSTEM32\CRYPTSP.dll
0x00007ffcb2100000 - 0x00007ffcb2135000 	C:\WINDOWS\system32\rsaenh.dll
0x00007ffcb2710000 - 0x00007ffcb2738000 	C:\WINDOWS\SYSTEM32\USERENV.dll
0x00007ffcb2890000 - 0x00007ffcb289c000 	C:\WINDOWS\SYSTEM32\CRYPTBASE.dll
0x00007ffca7350000 - 0x00007ffca735e000 	C:\Program Files\Java\jdk-17\bin\sunmscapi.dll
0x00007ffcb3880000 - 0x00007ffcb39e7000 	C:\WINDOWS\System32\CRYPT32.dll
0x00007ffcb2a30000 - 0x00007ffcb2a5e000 	C:\WINDOWS\SYSTEM32\ncrypt.dll
0x00007ffcb29f0000 - 0x00007ffcb2a27000 	C:\WINDOWS\SYSTEM32\NTASN1.dll
0x00007ffca98f0000 - 0x00007ffca98fa000 	C:\Program Files\Java\jdk-17\bin\management.dll
0x00007ffca7360000 - 0x00007ffca736b000 	C:\Program Files\Java\jdk-17\bin\management_ext.dll
0x00007ffc9a590000 - 0x00007ffc9a5a0000 	C:\Program Files\Java\jdk-17\bin\verify.dll
0x00007ffca4940000 - 0x00007ffca4948000 	C:\WINDOWS\system32\wshunix.dll

dbghelp: loaded successfully - version: 4.0.5 - missing functions: none
symbol engine: initialized successfully - sym options: 0x614 - pdb path: .;C:\Program Files\Java\jdk-17\bin;C:\WINDOWS\SYSTEM32;C:\Program Files\Avast Software\Avast;C:\WINDOWS\WinSxS\amd64_microsoft.windows.common-controls_6595b64144ccf1df_6.0.22621.3672_none_2713b9d173822955;C:\Program Files\Java\jdk-17\bin\server;C:\Program Files\JetBrains\IntelliJ IDEA 2023.3.2\bin

VM Arguments:
jvm_args: -javaagent:C:\Program Files\JetBrains\IntelliJ IDEA 2023.3.2\lib\idea_rt.jar=50512:C:\Program Files\JetBrains\IntelliJ IDEA 2023.3.2\bin -Dfile.encoding=UTF-8 
java_command: com.example.demo.ConfigServerApplication
java_class_path (initial): C:\Users\serda\IdeaProjects\ConfigServer\target\classes;C:\Users\serda\.m2\repository\org\springframework\boot\spring-boot-starter-webflux\3.0.8\spring-boot-starter-webflux-3.0.8.jar;C:\Users\serda\.m2\repository\org\springframework\boot\spring-boot-starter\3.0.8\spring-boot-starter-3.0.8.jar;C:\Users\serda\.m2\repository\org\springframework\boot\spring-boot\3.0.8\spring-boot-3.0.8.jar;C:\Users\serda\.m2\repository\org\springframework\spring-context\6.0.10\spring-context-6.0.10.jar;C:\Users\serda\.m2\repository\org\springframework\boot\spring-boot-autoconfigure\3.0.8\spring-boot-autoconfigure-3.0.8.jar;C:\Users\serda\.m2\repository\org\springframework\boot\spring-boot-starter-logging\3.0.8\spring-boot-starter-logging-3.0.8.jar;C:\Users\serda\.m2\repository\ch\qos\logback\logback-classic\1.4.8\logback-classic-1.4.8.jar;C:\Users\serda\.m2\repository\ch\qos\logback\logback-core\1.4.8\logback-core-1.4.8.jar;C:\Users\serda\.m2\repository\org\apache\logging\log4j\log4j-to-slf4j\2.19.0\log4j-to-slf4j-2.19.0.jar;C:\Users\serda\.m2\repository\org\apache\logging\log4j\log4j-api\2.19.0\log4j-api-2.19.0.jar;C:\Users\serda\.m2\repository\org\slf4j\jul-to-slf4j\2.0.7\jul-to-slf4j-2.0.7.jar;C:\Users\serda\.m2\repository\jakarta\annotation\jakarta.annotation-api\2.1.1\jakarta.annotation-api-2.1.1.jar;C:\Users\serda\.m2\repository\org\springframework\boot\spring-boot-starter-json\3.0.8\spring-boot-starter-json-3.0.8.jar;C:\Users\serda\.m2\repository\com\fasterxml\jackson\core\jackson-databind\2.14.3\jackson-databind-2.14.3.jar;C:\Users\serda\.m2\repository\com\fasterxml\jackson\datatype\jackson-datatype-jdk8\2.14.3\jackson-datatype-jdk8-2.14.3.jar;C:\Users\serda\.m2\repository\com\fasterxml\jackson\datatype\jackson-datatype-jsr310\2.14.3\jackson-datatype-jsr310-2.14.3.jar;C:\Users\serda\.m2\repository\com\fasterxml\jackson\module\jackson-module-parameter-names\2.14.3\jackson-module-parameter-names-2.14.3.jar;C:\Users\serda\.m2\repository\org\springframew
Launcher Type: SUN_STANDARD

[Global flags]
     intx CICompilerCount                          = 4                                         {product} {ergonomic}
     uint ConcGCThreads                            = 2                                         {product} {ergonomic}
     uint G1ConcRefinementThreads                  = 8                                         {product} {ergonomic}
   size_t G1HeapRegionSize                         = 2097152                                   {product} {ergonomic}
    uintx GCDrainStackTargetSize                   = 64                                        {product} {ergonomic}
   size_t InitialHeapSize                          = 266338304                                 {product} {ergonomic}
   size_t MarkStackSize                            = 4194304                                   {product} {ergonomic}
   size_t MaxHeapSize                              = 4257218560                                {product} {ergonomic}
   size_t MaxNewSize                               = 2554331136                                {product} {ergonomic}
   size_t MinHeapDeltaBytes                        = 2097152                                   {product} {ergonomic}
   size_t MinHeapSize                              = 8388608                                   {product} {ergonomic}
    uintx NonNMethodCodeHeapSize                   = 5839372                                {pd product} {ergonomic}
    uintx NonProfiledCodeHeapSize                  = 122909434                              {pd product} {ergonomic}
    uintx ProfiledCodeHeapSize                     = 122909434                              {pd product} {ergonomic}
    uintx ReservedCodeCacheSize                    = 251658240                              {pd product} {ergonomic}
     bool SegmentedCodeCache                       = true                                      {product} {ergonomic}
   size_t SoftMaxHeapSize                          = 4257218560                             {manageable} {ergonomic}
     bool UseCompressedClassPointers               = true                           {product lp64_product} {ergonomic}
     bool UseCompressedOops                        = true                           {product lp64_product} {ergonomic}
     bool UseG1GC                                  = true                                      {product} {ergonomic}
     bool UseLargePagesIndividualAllocation        = false                                  {pd product} {ergonomic}

Logging:
Log output configuration:
 #0: stdout all=warning uptime,level,tags
 #1: stderr all=off uptime,level,tags

Environment Variables:
PATH=C:\Program Files\Common Files\Oracle\Java\javapath;C:\WINDOWS\system32;C:\WINDOWS;C:\WINDOWS\System32\Wbem;C:\WINDOWS\System32\WindowsPowerShell\v1.0\;C:\WINDOWS\System32\OpenSSH\;C:\Program Files (x86)\Intel\Intel(R) Management Engine Components\DAL;C:\Program Files\Intel\Intel(R) Management Engine Components\DAL;C:\Program Files\Intel\WiFi\bin\;C:\Program Files\Common Files\Intel\WirelessCommon\;C:\Program Files\Java\jdk-17\bin;C:\Program Files\Git\cmd;C:\Program Files\nodejs\;C:\Users\serda\AppData\Local\Programs\Python\Python312\Scripts\;C:\Users\serda\AppData\Local\Programs\Python\Python312\;C:\Users\serda\AppData\Local\Microsoft\WindowsApps;C:\Users\serda\AppData\Local\Programs\Microsoft VS Code\bin;C:\Users\serda\AppData\Roaming\npm;;C:\Program Files\JetBrains\IntelliJ IDEA 2023.3.2\bin;
USERNAME=serda
OS=Windows_NT
PROCESSOR_IDENTIFIER=Intel64 Family 6 Model 142 Stepping 10, GenuineIntel



---------------  S Y S T E M  ---------------

OS:
 Windows 11 , 64 bit Build 22621 (10.0.22621.3672)
OS uptime: 1 days 1:22 hours

CPU: total 8 (initial active 8) (4 cores per cpu, 2 threads per core) family 6 model 142 stepping 10 microcode 0xf0, cx8, cmov, fxsr, ht, mmx, 3dnowpref, sse, sse2, sse3, ssse3, sse4.1, sse4.2, popcnt, lzcnt, tsc, tscinvbit, avx, avx2, aes, erms, clmul, bmi1, bmi2, adx, fma, vzeroupper, clflush, clflushopt

Memory: 4k page, system-wide physical 16239M (90M free)
TotalPageFile size 32623M (AvailPageFile size 0M)
current process WorkingSet (physical memory assigned to process): 226M, peak: 252M
current process commit charge ("private bytes"): 268M, peak: 409M

vm_info: Java HotSpot(TM) 64-Bit Server VM (17.0.8+9-LTS-211) for windows-amd64 JRE (17.0.8+9-LTS-211), built on Jun 14 2023 10:34:31 by "mach5one" with MS VC++ 17.1 (VS2022)

END.
